FinalRelease/Code/codes/build/app/intermediates/manifest_merge_blame_file/release/manifest-merger-blame-release-report.txt
1<?xml version="1.0" encoding="utf-8"?>
2<manifest xmlns:android="http://schemas.android.com/apk/res/android"
3    package="com.example.demo5"
4    android:versionCode="1"
5    android:versionName="1.0.0" >
6
7    <uses-sdk
8        android:minSdkVersion="16"
8-->src\main\AndroidManifest.xml
9        android:targetSdkVersion="28" />
9-->src\main\AndroidManifest.xml
10
11    <uses-permission android:name="android.permission.VIBRATE" />
11-->src\main\AndroidManifest.xml:6:5-66
11-->src\main\AndroidManifest.xml:6:22-63
12    <uses-permission android:name="android.permission.FOREGROUND_SERVICE" />
12-->src\main\AndroidManifest.xml:7:5-77
12-->src\main\AndroidManifest.xml:7:22-74
13    <uses-permission android:name="android.permission.DISABLE_KEYGUARD" /> <!-- 屏蔽HOME键需要的权限 -->
13-->src\main\AndroidManifest.xml:8:5-75
13-->src\main\AndroidManifest.xml:8:22-72
14    <uses-permission android:name="android.permission.RECEIVE_BOOT_COMPLETED" />
14-->src\main\AndroidManifest.xml:9:5-81
14-->src\main\AndroidManifest.xml:9:22-78
15    <uses-permission android:name="android.permission.WRITE_EXTERNAL_STORAGE" />
15-->src\main\AndroidManifest.xml:10:5-80
15-->src\main\AndroidManifest.xml:10:22-78
16    <uses-permission android:name="android.permission.READ_EXTERNAL_STORAGE" />
16-->src\main\AndroidManifest.xml:11:5-79
16-->src\main\AndroidManifest.xml:11:22-77
17    <uses-permission android:name="android.permission.SYSTEM_ALERT_WINDOW" />
17-->src\main\AndroidManifest.xml:12:5-78
17-->src\main\AndroidManifest.xml:12:22-75
18    <uses-permission android:name="android.permission.INTERNET" />
18-->src\main\AndroidManifest.xml:13:5-66
18-->src\main\AndroidManifest.xml:13:22-64
19    <uses-permission android:name="android.permission.RECORD_AUDIO" />
19-->src\main\AndroidManifest.xml:14:5-70
19-->src\main\AndroidManifest.xml:14:22-68
20    <uses-permission android:name="android.permission.PACKAGE_USAGE_STATS" />
20-->src\main\AndroidManifest.xml:15:5-17:47
20-->src\main\AndroidManifest.xml:16:9-62
21    <uses-permission android:name="android.permission.FOREGROUND_SERVICE" />
21-->src\main\AndroidManifest.xml:7:5-77
21-->src\main\AndroidManifest.xml:7:22-74
22    <uses-permission android:name="android.permission.ACCESS_NETWORK_STATE" />
22-->[:fluwx] AndroidManifest.xml:8:5-79
22-->[:fluwx] AndroidManifest.xml:8:22-76
23    <uses-permission android:name="android.permission.ACCESS_WIFI_STATE" />
23-->[:fluwx] AndroidManifest.xml:9:5-76
23-->[:fluwx] AndroidManifest.xml:9:22-73
24
25    <application
25-->src\main\AndroidManifest.xml:20:5-90:19
26        android:name="io.flutter.app.FlutterApplication"
26-->src\main\AndroidManifest.xml:21:9-57
27        android:appComponentFactory="androidx.core.app.CoreComponentFactory"
27-->[androidx.core:core:1.3.0] AndroidManifest.xml:24:18-86
28        android:icon="@mipmap/ic_frog"
28-->src\main\AndroidManifest.xml:22:9-39
29        android:label="ISSUES"
29-->src\main\AndroidManifest.xml:24:9-31
30        android:networkSecurityConfig="@xml/network_security_config" >
30-->src\main\AndroidManifest.xml:23:9-69
31        <activity
31-->src\main\AndroidManifest.xml:25:9-27:20
32            android:name="com.example.demo5.AlarmManager.AlarmActivity"
32-->src\main\AndroidManifest.xml:25:19-61
33            android:theme="@style/Theme.AppCompat.Dialog" >
33-->src\main\AndroidManifest.xml:26:13-58
34        </activity>
35
36        <receiver
36-->src\main\AndroidManifest.xml:29:9-36:20
37            android:name="com.example.demo5.AlarmManager.RepeatingAlarm"
37-->src\main\AndroidManifest.xml:30:13-56
38            android:enabled="true"
38-->src\main\AndroidManifest.xml:31:13-35
39            android:exported="true" >
39-->src\main\AndroidManifest.xml:32:13-36
40            <intent-filter>
40-->src\main\AndroidManifest.xml:33:13-35:29
41                <action android:name="com.gcc.alarm" />
41-->src\main\AndroidManifest.xml:34:17-56
41-->src\main\AndroidManifest.xml:34:25-53
42            </intent-filter>
43        </receiver>
44
45        <activity
45-->src\main\AndroidManifest.xml:38:9-71:20
46            android:name="com.example.demo5.MainActivity"
46-->src\main\AndroidManifest.xml:39:13-41
47            android:configChanges="orientation|keyboardHidden|keyboard|screenSize|smallestScreenSize|locale|layoutDirection|fontScale|screenLayout|density|uiMode"
47-->src\main\AndroidManifest.xml:40:13-163
48            android:hardwareAccelerated="true"
48-->src\main\AndroidManifest.xml:41:13-47
49            android:launchMode="singleTop"
49-->src\main\AndroidManifest.xml:42:13-43
50            android:theme="@style/LaunchTheme"
50-->src\main\AndroidManifest.xml:43:13-47
51            android:windowSoftInputMode="adjustResize" >
51-->src\main\AndroidManifest.xml:44:13-55
52
53            <!--
54                 Specifies an Android theme to apply to this Activity as soon as
55                 the Android process has started. This theme is visible to the user
56                 while the Flutter UI initializes. After that, this theme continues
57                 to determine the Window background behind the Flutter UI.
58            -->
59            <meta-data
59-->src\main\AndroidManifest.xml:52:13-54:57
60                android:name="io.flutter.embedding.android.NormalTheme"
60-->src\main\AndroidManifest.xml:53:17-72
61                android:resource="@style/NormalTheme" />
61-->src\main\AndroidManifest.xml:54:17-54
62            <!--
63                 Displays an Android View that continues showing the launch screen
64                 Drawable until Flutter paints its first frame, then this splash
65                 screen fades out. A splash screen is useful to avoid any visual
66                 gap between the end of Android's launch screen and the painting of
67                 Flutter's first frame.
68            -->
69            <meta-data
69-->src\main\AndroidManifest.xml:62:13-64:66
70                android:name="io.flutter.embedding.android.SplashScreenDrawable"
70-->src\main\AndroidManifest.xml:63:17-81
71                android:resource="@drawable/launch_background" />
71-->src\main\AndroidManifest.xml:64:17-63
72
73            <intent-filter>
73-->src\main\AndroidManifest.xml:66:13-70:29
74                <action android:name="android.intent.action.MAIN" />
74-->src\main\AndroidManifest.xml:67:17-69
74-->src\main\AndroidManifest.xml:67:25-66
75
76                <category android:name="android.intent.category.LAUNCHER" />
76-->src\main\AndroidManifest.xml:69:17-77
76-->src\main\AndroidManifest.xml:69:27-74
77            </intent-filter>
78        </activity>
79        <activity
79-->src\main\AndroidManifest.xml:72:9-74:47
80            android:name="com.example.demo5.ProcessLock.LockActivity"
80-->src\main\AndroidManifest.xml:73:13-53
81            android:launchMode="singleTask" />
81-->src\main\AndroidManifest.xml:74:13-44
82        <activity
82-->src\main\AndroidManifest.xml:75:9-78:75
83            android:name="com.example.demo5.ProcessLock.PermissionActivity"
83-->src\main\AndroidManifest.xml:76:13-59
84            android:launchMode="singleTask"
84-->src\main\AndroidManifest.xml:77:13-44
85            android:theme="@android:style/Theme.Translucent.NoTitleBar" />
85-->src\main\AndroidManifest.xml:78:13-72
86
87        <service
87-->src\main\AndroidManifest.xml:80:9-82:43
88            android:name="com.example.demo5.ProcessLock.ProcessMonitorService"
88-->src\main\AndroidManifest.xml:81:13-62
89            android:stopWithTask="true" />
89-->src\main\AndroidManifest.xml:82:13-40
90        <!--
91 Don't delete the meta-data below.
92             This is used by the Flutter tool to generate GeneratedPluginRegistrant.java
93        -->
94        <meta-data
94-->src\main\AndroidManifest.xml:87:9-89:33
95            android:name="flutterEmbedding"
95-->src\main\AndroidManifest.xml:88:13-44
96            android:value="2" />
96-->src\main\AndroidManifest.xml:89:13-30
97
98        <activity
98-->[:fluwx] AndroidManifest.xml:13:9-17:58
99            android:name="com.jarvan.fluwx.wxapi.FluwxWXEntryActivity"
99-->[:fluwx] AndroidManifest.xml:14:13-71
100            android:launchMode="singleTask"
100-->[:fluwx] AndroidManifest.xml:15:13-44
101            android:taskAffinity="com.example.demo5"
101-->[:fluwx] AndroidManifest.xml:16:13-52
102            android:theme="@style/DisablePreviewTheme" />
102-->[:fluwx] AndroidManifest.xml:17:13-55
103
104        <activity-alias
104-->[:fluwx] AndroidManifest.xml:33:9-47:26
105            android:name="com.example.demo5.wxapi.WXEntryActivity"
105-->[:fluwx] AndroidManifest.xml:34:13-66
106            android:exported="true"
106-->[:fluwx] AndroidManifest.xml:35:13-36
107            android:launchMode="singleTop"
107-->[:fluwx] AndroidManifest.xml:36:13-43
108            android:targetActivity="com.jarvan.fluwx.wxapi.FluwxWXEntryActivity"
108-->[:fluwx] AndroidManifest.xml:37:13-81
109            android:taskAffinity="com.example.demo5"
109-->[:fluwx] AndroidManifest.xml:38:13-52
110            android:theme="@style/DisablePreviewTheme" >
110-->[:fluwx] AndroidManifest.xml:39:13-55
111            <intent-filter>
111-->[:fluwx] AndroidManifest.xml:25:13-31:29
112                <action android:name="android.intent.action.VIEW" />
112-->[:fluwx] AndroidManifest.xml:26:17-69
112-->[:fluwx] AndroidManifest.xml:26:25-66
113
114                <category android:name="android.intent.category.DEFAULT" />
114-->[:fluwx] AndroidManifest.xml:28:17-76
114-->[:fluwx] AndroidManifest.xml:28:27-73
115
116                <data android:scheme="sdksample" />
116-->[:fluwx] AndroidManifest.xml:30:17-52
116-->[:fluwx] AndroidManifest.xml:30:23-49
117            </intent-filter>
118        </activity-alias>
119        <activity-alias
119-->[:fluwx] AndroidManifest.xml:19:9-32:26
120            android:name="com.example.demo5.wxapi.WXPayEntryActivity"
120-->[:fluwx] AndroidManifest.xml:20:13-69
121            android:exported="true"
121-->[:fluwx] AndroidManifest.xml:21:13-36
122            android:launchMode="singleInstance"
122-->[:fluwx] AndroidManifest.xml:22:13-48
123            android:targetActivity="com.jarvan.fluwx.wxapi.FluwxWXEntryActivity"
123-->[:fluwx] AndroidManifest.xml:23:13-81
124            android:theme="@style/DisablePreviewTheme" >
124-->[:fluwx] AndroidManifest.xml:24:13-55
125            <intent-filter>
125-->[:fluwx] AndroidManifest.xml:25:13-31:29
126                <action android:name="android.intent.action.VIEW" />
126-->[:fluwx] AndroidManifest.xml:26:17-69
126-->[:fluwx] AndroidManifest.xml:26:25-66
127
128                <category android:name="android.intent.category.DEFAULT" />
128-->[:fluwx] AndroidManifest.xml:28:17-76
128-->[:fluwx] AndroidManifest.xml:28:27-73
129
130                <data android:scheme="sdksample" />
130-->[:fluwx] AndroidManifest.xml:30:17-52
130-->[:fluwx] AndroidManifest.xml:30:23-49
131            </intent-filter>
132        </activity-alias>
133
134        <provider
134-->[:fluwx] AndroidManifest.xml:49:9-57:20
135            android:name="com.jarvan.fluwx.FluwxFileProvider"
135-->[:fluwx] AndroidManifest.xml:50:13-62
136            android:authorities="com.example.demo5.fluwxprovider"
136-->[:fluwx] AndroidManifest.xml:51:13-65
137            android:exported="false"
137-->[:fluwx] AndroidManifest.xml:52:13-37
138            android:grantUriPermissions="true" >
138-->[:fluwx] AndroidManifest.xml:53:13-47
139            <meta-data
139-->[:fluwx] AndroidManifest.xml:54:13-56:69
140                android:name="android.support.FILE_PROVIDER_PATHS"
140-->[:fluwx] AndroidManifest.xml:55:17-67
141                android:resource="@xml/fluwx_file_provider_paths" />
141-->[:fluwx] AndroidManifest.xml:56:17-66
142        </provider>
143        <provider
143-->[:image_picker] AndroidManifest.xml:11:9-19:20
144            android:name="io.flutter.plugins.imagepicker.ImagePickerFileProvider"
144-->[:image_picker] AndroidManifest.xml:12:13-82
145            android:authorities="com.example.demo5.flutter.image_provider"
145-->[:image_picker] AndroidManifest.xml:13:13-74
146            android:exported="false"
146-->[:image_picker] AndroidManifest.xml:14:13-37
147            android:grantUriPermissions="true" >
147-->[:image_picker] AndroidManifest.xml:15:13-47
148            <meta-data
148-->[:fluwx] AndroidManifest.xml:54:13-56:69
149                android:name="android.support.FILE_PROVIDER_PATHS"
149-->[:fluwx] AndroidManifest.xml:55:17-67
150                android:resource="@xml/flutter_image_picker_file_paths" />
150-->[:fluwx] AndroidManifest.xml:56:17-66
151        </provider>
152    </application>
153
154</manifest>